<?xml version="1.0" encoding="UTF-8"?>
<testsuite xmlns:xsi="http://www.w3.org/2001/XMLSchema-instance" xsi:noNamespaceSchemaLocation="https://maven.apache.org/surefire/maven-failsafe-plugin/xsd/failsafe-test-report.xsd" name="com.zopa.controller.LoanControllerIT" time="1.606" tests="7" errors="0" skipped="0" failures="0">
  <properties>
    <property name="sun.desktop" value="windows"/>
    <property name="awt.toolkit" value="sun.awt.windows.WToolkit"/>
    <property name="file.encoding.pkg" value="sun.io"/>
    <property name="java.specification.version" value="1.8"/>
    <property name="sun.cpu.isalist" value="amd64"/>
    <property name="sun.jnu.encoding" value="Cp1252"/>
    <property name="java.class.path" value="D:\GitHub\rate-calculator\target\test-classes;D:\GitHub\rate-calculator\target\rate-calculator-1.0-SNAPSHOT.jar;C:\m2\org\jboss\weld\se\weld-se-core\3.0.5.Final\weld-se-core-3.0.5.Final.jar;C:\m2\org\jboss\weld\environment\weld-environment-common\3.0.5.Final\weld-environment-common-3.0.5.Final.jar;C:\m2\org\jboss\weld\probe\weld-probe-core\3.0.5.Final\weld-probe-core-3.0.5.Final.jar;C:\m2\javax\enterprise\cdi-api\2.0.SP1\cdi-api-2.0.SP1.jar;C:\m2\javax\inject\javax.inject\1\javax.inject-1.jar;C:\m2\org\jboss\classfilewriter\jboss-classfilewriter\1.2.3.Final\jboss-classfilewriter-1.2.3.Final.jar;C:\m2\javax\javaee-api\8.0\javaee-api-8.0.jar;C:\m2\com\sun\mail\javax.mail\1.6.0\javax.mail-1.6.0.jar;C:\m2\javax\activation\activation\1.1\activation-1.1.jar;C:\m2\org\slf4j\slf4j-log4j12\1.7.25\slf4j-log4j12-1.7.25.jar;C:\m2\org\slf4j\slf4j-api\1.7.25\slf4j-api-1.7.25.jar;C:\m2\log4j\log4j\1.2.17\log4j-1.2.17.jar;C:\m2\org\assertj\assertj-core\3.9.1\assertj-core-3.9.1.jar;C:\m2\junit\junit\4.12\junit-4.12.jar;C:\m2\org\hamcrest\hamcrest-core\1.3\hamcrest-core-1.3.jar;C:\m2\org\mockito\mockito-core\1.10.19\mockito-core-1.10.19.jar;C:\m2\org\objenesis\objenesis\2.1\objenesis-2.1.jar;C:\m2\org\jglue\cdi-unit\cdi-unit\4.1.0\cdi-unit-4.1.0.jar;C:\m2\org\javassist\javassist\3.18.1-GA\javassist-3.18.1-GA.jar;C:\m2\io\github\classgraph\classgraph\4.1.2\classgraph-4.1.2.jar;C:\m2\org\apache\deltaspike\core\deltaspike-core-impl\1.0.1\deltaspike-core-impl-1.0.1.jar;C:\m2\org\apache\deltaspike\core\deltaspike-core-api\1.0.1\deltaspike-core-api-1.0.1.jar;C:\m2\org\jboss\resteasy\resteasy-jaxrs\3.0.14.Final\resteasy-jaxrs-3.0.14.Final.jar;C:\m2\org\jboss\spec\javax\ws\rs\jboss-jaxrs-api_2.0_spec\1.0.0.Final\jboss-jaxrs-api_2.0_spec-1.0.0.Final.jar;C:\m2\org\jboss\spec\javax\annotation\jboss-annotations-api_1.2_spec\1.0.0.Final\jboss-annotations-api_1.2_spec-1.0.0.Final.jar;C:\m2\org\apache\httpcomponents\httpclient\4.3.6\httpclient-4.3.6.jar;C:\m2\org\apache\httpcomponents\httpcore\4.3.3\httpcore-4.3.3.jar;C:\m2\commons-logging\commons-logging\1.1.3\commons-logging-1.1.3.jar;C:\m2\commons-codec\commons-codec\1.6\commons-codec-1.6.jar;C:\m2\commons-io\commons-io\2.1\commons-io-2.1.jar;C:\m2\net\jcip\jcip-annotations\1.0\jcip-annotations-1.0.jar;C:\m2\org\jboss\weld\module\weld-web\3.0.5.Final\weld-web-3.0.5.Final.jar;C:\m2\org\jboss\weld\weld-api\3.0.SP4\weld-api-3.0.SP4.jar;C:\m2\org\jboss\weld\weld-core-impl\3.0.5.Final\weld-core-impl-3.0.5.Final.jar;C:\m2\org\jboss\spec\javax\annotation\jboss-annotations-api_1.3_spec\1.0.0.Final\jboss-annotations-api_1.3_spec-1.0.0.Final.jar;C:\m2\org\jboss\spec\javax\interceptor\jboss-interceptors-api_1.2_spec\1.0.0.Final\jboss-interceptors-api_1.2_spec-1.0.0.Final.jar;C:\m2\org\jboss\weld\weld-spi\3.0.SP4\weld-spi-3.0.SP4.jar;C:\m2\org\jboss\spec\javax\el\jboss-el-api_3.0_spec\1.0.7.Final\jboss-el-api_3.0_spec-1.0.7.Final.jar;C:\m2\org\jboss\logging\jboss-logging\3.2.1.Final\jboss-logging-3.2.1.Final.jar;"/>
    <property name="java.vm.vendor" value="Oracle Corporation"/>
    <property name="sun.arch.data.model" value="64"/>
    <property name="user.variant" value=""/>
    <property name="java.vendor.url" value="http://java.oracle.com/"/>
    <property name="user.timezone" value="Europe/Paris"/>
    <property name="java.vm.specification.version" value="1.8"/>
    <property name="os.name" value="Windows 10"/>
    <property name="user.country" value="US"/>
    <property name="sun.java.launcher" value="SUN_STANDARD"/>
    <property name="sun.boot.library.path" value="C:\Program Files\Java\jdk1.8.0_131\jre\bin"/>
    <property name="sun.java.command" value="C:\Users\gevdu\AppData\Local\Temp\surefire6043749054906254662\surefirebooter7446515878459670179.jar C:\Users\gevdu\AppData\Local\Temp\surefire6043749054906254662 2018-09-17T23-50-48_910-jvmRun1 surefire708676391615142457tmp surefire_02029536998179124581tmp"/>
    <property name="surefire.test.class.path" value="D:\GitHub\rate-calculator\target\test-classes;D:\GitHub\rate-calculator\target\rate-calculator-1.0-SNAPSHOT.jar;C:\m2\org\jboss\weld\se\weld-se-core\3.0.5.Final\weld-se-core-3.0.5.Final.jar;C:\m2\org\jboss\weld\environment\weld-environment-common\3.0.5.Final\weld-environment-common-3.0.5.Final.jar;C:\m2\org\jboss\weld\probe\weld-probe-core\3.0.5.Final\weld-probe-core-3.0.5.Final.jar;C:\m2\javax\enterprise\cdi-api\2.0.SP1\cdi-api-2.0.SP1.jar;C:\m2\javax\inject\javax.inject\1\javax.inject-1.jar;C:\m2\org\jboss\classfilewriter\jboss-classfilewriter\1.2.3.Final\jboss-classfilewriter-1.2.3.Final.jar;C:\m2\javax\javaee-api\8.0\javaee-api-8.0.jar;C:\m2\com\sun\mail\javax.mail\1.6.0\javax.mail-1.6.0.jar;C:\m2\javax\activation\activation\1.1\activation-1.1.jar;C:\m2\org\slf4j\slf4j-log4j12\1.7.25\slf4j-log4j12-1.7.25.jar;C:\m2\org\slf4j\slf4j-api\1.7.25\slf4j-api-1.7.25.jar;C:\m2\log4j\log4j\1.2.17\log4j-1.2.17.jar;C:\m2\org\assertj\assertj-core\3.9.1\assertj-core-3.9.1.jar;C:\m2\junit\junit\4.12\junit-4.12.jar;C:\m2\org\hamcrest\hamcrest-core\1.3\hamcrest-core-1.3.jar;C:\m2\org\mockito\mockito-core\1.10.19\mockito-core-1.10.19.jar;C:\m2\org\objenesis\objenesis\2.1\objenesis-2.1.jar;C:\m2\org\jglue\cdi-unit\cdi-unit\4.1.0\cdi-unit-4.1.0.jar;C:\m2\org\javassist\javassist\3.18.1-GA\javassist-3.18.1-GA.jar;C:\m2\io\github\classgraph\classgraph\4.1.2\classgraph-4.1.2.jar;C:\m2\org\apache\deltaspike\core\deltaspike-core-impl\1.0.1\deltaspike-core-impl-1.0.1.jar;C:\m2\org\apache\deltaspike\core\deltaspike-core-api\1.0.1\deltaspike-core-api-1.0.1.jar;C:\m2\org\jboss\resteasy\resteasy-jaxrs\3.0.14.Final\resteasy-jaxrs-3.0.14.Final.jar;C:\m2\org\jboss\spec\javax\ws\rs\jboss-jaxrs-api_2.0_spec\1.0.0.Final\jboss-jaxrs-api_2.0_spec-1.0.0.Final.jar;C:\m2\org\jboss\spec\javax\annotation\jboss-annotations-api_1.2_spec\1.0.0.Final\jboss-annotations-api_1.2_spec-1.0.0.Final.jar;C:\m2\org\apache\httpcomponents\httpclient\4.3.6\httpclient-4.3.6.jar;C:\m2\org\apache\httpcomponents\httpcore\4.3.3\httpcore-4.3.3.jar;C:\m2\commons-logging\commons-logging\1.1.3\commons-logging-1.1.3.jar;C:\m2\commons-codec\commons-codec\1.6\commons-codec-1.6.jar;C:\m2\commons-io\commons-io\2.1\commons-io-2.1.jar;C:\m2\net\jcip\jcip-annotations\1.0\jcip-annotations-1.0.jar;C:\m2\org\jboss\weld\module\weld-web\3.0.5.Final\weld-web-3.0.5.Final.jar;C:\m2\org\jboss\weld\weld-api\3.0.SP4\weld-api-3.0.SP4.jar;C:\m2\org\jboss\weld\weld-core-impl\3.0.5.Final\weld-core-impl-3.0.5.Final.jar;C:\m2\org\jboss\spec\javax\annotation\jboss-annotations-api_1.3_spec\1.0.0.Final\jboss-annotations-api_1.3_spec-1.0.0.Final.jar;C:\m2\org\jboss\spec\javax\interceptor\jboss-interceptors-api_1.2_spec\1.0.0.Final\jboss-interceptors-api_1.2_spec-1.0.0.Final.jar;C:\m2\org\jboss\weld\weld-spi\3.0.SP4\weld-spi-3.0.SP4.jar;C:\m2\org\jboss\spec\javax\el\jboss-el-api_3.0_spec\1.0.7.Final\jboss-el-api_3.0_spec-1.0.7.Final.jar;C:\m2\org\jboss\logging\jboss-logging\3.2.1.Final\jboss-logging-3.2.1.Final.jar;"/>
    <property name="sun.cpu.endian" value="little"/>
    <property name="user.home" value="C:\Users\gevdu"/>
    <property name="user.language" value="en"/>
    <property name="java.specification.vendor" value="Oracle Corporation"/>
    <property name="java.home" value="C:\Program Files\Java\jdk1.8.0_131\jre"/>
    <property name="basedir" value="D:\GitHub\rate-calculator"/>
    <property name="file.separator" value="\"/>
    <property name="line.separator" value="&#10;"/>
    <property name="java.vm.specification.vendor" value="Oracle Corporation"/>
    <property name="java.specification.name" value="Java Platform API Specification"/>
    <property name="java.awt.graphicsenv" value="sun.awt.Win32GraphicsEnvironment"/>
    <property name="surefire.real.class.path" value="C:\Users\gevdu\AppData\Local\Temp\surefire6043749054906254662\surefirebooter7446515878459670179.jar"/>
    <property name="sun.boot.class.path" value="C:\Program Files\Java\jdk1.8.0_131\jre\lib\resources.jar;C:\Program Files\Java\jdk1.8.0_131\jre\lib\rt.jar;C:\Program Files\Java\jdk1.8.0_131\jre\lib\sunrsasign.jar;C:\Program Files\Java\jdk1.8.0_131\jre\lib\jsse.jar;C:\Program Files\Java\jdk1.8.0_131\jre\lib\jce.jar;C:\Program Files\Java\jdk1.8.0_131\jre\lib\charsets.jar;C:\Program Files\Java\jdk1.8.0_131\jre\lib\jfr.jar;C:\Program Files\Java\jdk1.8.0_131\jre\classes"/>
    <property name="user.script" value=""/>
    <property name="sun.management.compiler" value="HotSpot 64-Bit Tiered Compilers"/>
    <property name="java.runtime.version" value="1.8.0_131-b11"/>
    <property name="user.name" value="gevdu"/>
    <property name="path.separator" value=";"/>
    <property name="os.version" value="10.0"/>
    <property name="java.endorsed.dirs" value="C:\Program Files\Java\jdk1.8.0_131\jre\lib\endorsed"/>
    <property name="java.runtime.name" value="Java(TM) SE Runtime Environment"/>
    <property name="file.encoding" value="Cp1252"/>
    <property name="java.vm.name" value="Java HotSpot(TM) 64-Bit Server VM"/>
    <property name="localRepository" value="C:\m2"/>
    <property name="java.vendor.url.bug" value="http://bugreport.sun.com/bugreport/"/>
    <property name="java.io.tmpdir" value="C:\Users\gevdu\AppData\Local\Temp\"/>
    <property name="java.version" value="1.8.0_131"/>
    <property name="user.dir" value="D:\GitHub\rate-calculator"/>
    <property name="os.arch" value="amd64"/>
    <property name="java.vm.specification.name" value="Java Virtual Machine Specification"/>
    <property name="java.awt.printerjob" value="sun.awt.windows.WPrinterJob"/>
    <property name="sun.os.patch.level" value=""/>
    <property name="java.library.path" value="C:\Program Files\Java\jdk1.8.0_131\jre\bin;C:\WINDOWS\Sun\Java\bin;C:\WINDOWS\system32;C:\WINDOWS;C:\Program Files\Git\mingw64\bin;C:\Program Files\Git\usr\bin;C:\Users\gevdu\bin;C:\Program Files\Java\jdk1.8.0_131\bin;C:\Program Files\Docker\Docker\Resources\bin;C:\Program Files (x86)\Razer Chroma SDK\bin;C:\Program Files\Razer Chroma SDK\bin;C:\Program Files (x86)\Common Files\Oracle\Java\javapath;C:\ProgramData\Oracle\Java\javapath;C:\Program Files (x86)\Intel\iCLS Client;C:\Program Files\Intel\iCLS Client;C:\Windows\system32;C:\Windows;C:\Windows\System32\Wbem;C:\Windows\System32\WindowsPowerShell\v1.0;C:\Program Files (x86)\NVIDIA Corporation\PhysX\Common;C:\Program Files (x86)\GtkSharp\2.12\bin;D:\Programe\MatLab\runtime\win64;D:\Programe\MatLab\bin;D:\Programe\MatLab\polyspace\bin;C:\WINDOWS\system32;C:\WINDOWS;C:\WINDOWS\System32\Wbem;C:\WINDOWS\System32\WindowsPowerShell\v1.0;C:\Carritus\Maven\apache-maven-3.1.0\bin;C:\Program Files (x86)\Intel\Intel(R) Management Engine Components\DAL;C:\Program Files\Intel\Intel(R) Management Engine Components\DAL;C:\Program Files (x86)\Intel\Intel(R) Management Engine Components\IPT;C:\Program Files\Intel\Intel(R) Management Engine Components\IPT;C:\Program Files\MySQL\MySQL Utilities 1.6;D:\Programe\nodejs;C:\WINDOWS\System32\OpenSSH;C:\Program Files (x86)\Yarn\bin;C:\WINDOWS\system32\config\systemprofile\AppData\Local\Microsoft\WindowsApps;C:\Program Files\PuTTY;C:\Program Files\Git\cmd;D:\Programe\Anaconda2;D:\Programe\Anaconda2\Scripts;D:\Programe\Anaconda2\Library\bin;C:\Users\gevdu\AppData\Local\Microsoft\WindowsApps;D:\Programe\Docker Toolbox;D:\Programe\ImageMagick-7.0.7-Q16;C:\Users\gevdu\AppData\Roaming\npm;C:\Users\gevdu\AppData\Local\Yarn\bin;."/>
    <property name="java.vm.info" value="mixed mode"/>
    <property name="java.vendor" value="Oracle Corporation"/>
    <property name="java.vm.version" value="25.131-b11"/>
    <property name="java.ext.dirs" value="C:\Program Files\Java\jdk1.8.0_131\jre\lib\ext;C:\WINDOWS\Sun\Java\lib\ext"/>
    <property name="sun.io.unicode.encoding" value="UnicodeLittle"/>
    <property name="java.class.version" value="52.0"/>
  </properties>
  <testcase name="print_error_when_amount_is_not_within_range" classname="com.zopa.controller.LoanControllerIT" time="0.047"/>
  <testcase name="print_error_requested_amount_is_invalid" classname="com.zopa.controller.LoanControllerIT" time="0.002"/>
  <testcase name="print_error_file_format_is_invalid" classname="com.zopa.controller.LoanControllerIT" time="0.009"/>
  <testcase name="return_a_loan" classname="com.zopa.controller.LoanControllerIT" time="0.012"/>
  <testcase name="print_error_file_does_not_exist" classname="com.zopa.controller.LoanControllerIT" time="0.004"/>
  <testcase name="print_error_requested_amount_is_not_multiply_of_100" classname="com.zopa.controller.LoanControllerIT" time="0.002"/>
  <testcase name="print_error_no_loan_is_available" classname="com.zopa.controller.LoanControllerIT" time="0.002"/>
</testsuite>